<?xml version="1.0" encoding="UTF-8"?>
<testng-results skipped="0" failed="0" ignored="0" total="1" passed="1">
  <reporter-output>
  </reporter-output>
  <suite name=" Functional Suite" duration-ms="10330" started-at="2018-02-09T14:20:21Z" finished-at="2018-02-09T14:20:31Z">
    <groups>
    </groups>
    <test name="VerifyYouTubeFunctionality" duration-ms="10330" started-at="2018-02-09T14:20:21Z" finished-at="2018-02-09T14:20:31Z">
      <class name="com.umbrella.MagnetoBackend.FunctionalTest.VerifyYouTubeFunctionality">
        <test-method status="PASS" signature="launchBrowser()[pri:0, instance:com.umbrella.MagnetoBackend.FunctionalTest.VerifyYouTubeFunctionality@5e25a92e]" name="launchBrowser" is-config="true" duration-ms="1296" started-at="2018-02-09T19:50:21Z" finished-at="2018-02-09T19:50:22Z">
          <reporter-output>
          </reporter-output>
        </test-method> <!-- launchBrowser -->
        <test-method status="PASS" signature="beforeMethod(java.lang.reflect.Method)[pri:0, instance:com.umbrella.MagnetoBackend.FunctionalTest.VerifyYouTubeFunctionality@5e25a92e]" name="beforeMethod" is-config="true" duration-ms="6" started-at="2018-02-09T19:50:22Z" finished-at="2018-02-09T19:50:22Z">
          <params>
            <param index="0">
              <value>
                <![CDATA[public void com.umbrella.MagnetoBackend.FunctionalTest.VerifyYouTubeFunctionality.SkipAddTest() throws java.lang.InterruptedException]]>
              </value>
            </param>
          </params>
          <reporter-output>
          </reporter-output>
        </test-method> <!-- beforeMethod -->
        <test-method status="PASS" signature="SkipAddTest()[pri:0, instance:com.umbrella.MagnetoBackend.FunctionalTest.VerifyYouTubeFunctionality@5e25a92e]" name="SkipAddTest" duration-ms="8668" started-at="2018-02-09T19:50:22Z" finished-at="2018-02-09T19:50:31Z">
          <reporter-output>
          </reporter-output>
        </test-method> <!-- SkipAddTest -->
        <test-method status="PASS" signature="afterMethod(org.testng.ITestResult)[pri:0, instance:com.umbrella.MagnetoBackend.FunctionalTest.VerifyYouTubeFunctionality@5e25a92e]" name="afterMethod" is-config="true" duration-ms="4" started-at="2018-02-09T19:50:31Z" finished-at="2018-02-09T19:50:31Z">
          <params>
            <param index="0">
              <value>
                <![CDATA[[TestResult name=SkipAddTest status=SUCCESS method=VerifyYouTubeFunctionality.SkipAddTest()[pri:0, instance:com.umbrella.MagnetoBackend.FunctionalTest.VerifyYouTubeFunctionality@5e25a92e] output={null}]]]>
              </value>
            </param>
          </params>
          <reporter-output>
          </reporter-output>
        </test-method> <!-- afterMethod -->
        <test-method status="PASS" signature="endTest()[pri:0, instance:com.umbrella.MagnetoBackend.FunctionalTest.VerifyYouTubeFunctionality@5e25a92e]" name="endTest" is-config="true" duration-ms="333" started-at="2018-02-09T19:50:31Z" finished-at="2018-02-09T19:50:31Z">
          <reporter-output>
          </reporter-output>
        </test-method> <!-- endTest -->
      </class> <!-- com.umbrella.MagnetoBackend.FunctionalTest.VerifyYouTubeFunctionality -->
    </test> <!-- VerifyYouTubeFunctionality -->
  </suite> <!--  Functional Suite -->
  <suite name="Master test suite" duration-ms="0" started-at="2018-02-09T14:20:32Z" finished-at="2018-02-09T14:20:32Z">
    <groups>
    </groups>
  </suite> <!-- Master test suite -->
</testng-results>
